
--APP START--
[INFO] <> loading GFX <data/1.bin> at tile offset: 0x0
[INFO] <> loading GFX <data/2.bin> at tile offset: 0x200
[INFO] <> mainbar action #1
[INFO] <> loading tilemap from <C:\Users\Elève\Desktop\C\tmap\data\tp.tmp>
(10,13)
(10,13)
[INFO] <> mainbar action #2
[INFO] <> saving tilemap to <C:\Users\Elève\Desktop\C\tmap\data\tp.tmp>
[INFO] <> mainbar action #2
[INFO] <> saving tilemap to <C:\Users\Elève\Desktop\C\tmap\data\tp.tmp>
(7,11)
(7,11)
(7,11)
(7,11)
(7,11)
[INFO] <> mainbar action #1
[INFO] <> loading tilemap from <C:\Users\Elève\Desktop\C\tmap\data\tp.tmp>
(10,12)
[INFO] <> mainbar action #3
[INFO] <> saving tilemap to <C:\Users\Elève\Desktop\C\tmap\data\tp.tmp>
[INFO] <> mainbar action #1
[INFO] <> loading tilemap from <C:\Users\Elève\Desktop\C\tmap\data\tp.tmp>
(5,6)
(5,6)
(5,6)
(5,6)
(5,6)
(5,6)
(5,6)
(5,6)
[INFO] <> mainbar action #1
[INFO] <> loading tilemap from <C:\Users\Elève\Desktop\C\tmap\data\tp.tmp>
[INFO] <> altbar action #6
[INFO] <> mainbar action #5
[INFO] <> altbar action #7
[INFO] <> altbar action #7
[INFO] <> altbar action #7
[INFO] <> altbar action #7
[INFO] <> altbar action #7
[INFO] <> altbar action #7
[INFO] <> altbar action #7
[INFO] <> altbar action #7
[INFO] <> altbar action #7
[INFO] <> altbar action #7
[INFO] <> altbar action #7
[INFO] <> altbar action #7
[INFO] <> altbar action #7
[INFO] <> altbar action #7
[INFO] <> altbar action #7
[INFO] <> altbar action #7
[INFO] <> altbar action #7
[INFO] <> altbar action #7
[INFO] <> mainbar action #0
[INFO] <> altbar action #6
[INFO] <> altbar action #6
[INFO] <> altbar action #6
[INFO] <> altbar action #6
[INFO] <> altbar action #6
[INFO] <> altbar action #6
[INFO] <> altbar action #6
